android/build/intermediates/manifest_merge_blame_file/release/manifest-merger-blame-release-report.txt
1<?xml version="1.0" encoding="utf-8"?>
2<manifest xmlns:android="http://schemas.android.com/apk/res/android"
3    package="com.urbanairship.reactnative" >
4
5    <uses-sdk
6        android:minSdkVersion="16"
6-->src/main/AndroidManifest.xml
7        android:targetSdkVersion="29" />
7-->src/main/AndroidManifest.xml
8
9    <application>
9-->src/main/AndroidManifest.xml:3:5-26:19
10        <meta-data
10-->src/main/AndroidManifest.xml:5:7-6:78
11            android:name="com.urbanairship.autopilot"
11-->src/main/AndroidManifest.xml:5:18-59
12            android:value="com.urbanairship.reactnative.ReactAutopilot" />
12-->src/main/AndroidManifest.xml:6:17-76
13
14        <activity
14-->src/main/AndroidManifest.xml:8:9-16:20
15            android:name="com.urbanairship.reactnative.CustomMessageCenterActivity"
15-->src/main/AndroidManifest.xml:9:13-84
16            android:label="@string/ua_message_center_title"
16-->src/main/AndroidManifest.xml:10:13-60
17            android:launchMode="singleTask" >
17-->src/main/AndroidManifest.xml:11:13-44
18            <intent-filter>
18-->src/main/AndroidManifest.xml:12:13-15:29
19                <action android:name="com.urbanairship.VIEW_RICH_PUSH_INBOX" />
19-->src/main/AndroidManifest.xml:13:17-80
19-->src/main/AndroidManifest.xml:13:25-77
20
21                <category android:name="android.intent.category.DEFAULT" />
21-->src/main/AndroidManifest.xml:14:17-76
21-->src/main/AndroidManifest.xml:14:27-73
22            </intent-filter>
23        </activity>
24        <activity android:name="com.urbanairship.reactnative.CustomMessageActivity" >
24-->src/main/AndroidManifest.xml:18:9-24:20
24-->src/main/AndroidManifest.xml:18:19-84
25            <intent-filter>
25-->src/main/AndroidManifest.xml:19:13-23:29
26                <action android:name="com.urbanairship.VIEW_RICH_PUSH_MESSAGE" />
26-->src/main/AndroidManifest.xml:20:17-82
26-->src/main/AndroidManifest.xml:20:25-79
27
28                <data android:scheme="message" />
28-->src/main/AndroidManifest.xml:21:17-49
28-->src/main/AndroidManifest.xml:21:23-47
29
30                <category android:name="android.intent.category.DEFAULT" />
30-->src/main/AndroidManifest.xml:14:17-76
30-->src/main/AndroidManifest.xml:14:27-73
31            </intent-filter>
32        </activity>
33    </application>
34
35</manifest>